<?xml version="1.0" encoding="UTF-8"?>
<!-- Generated by org.testng.reporters.JUnitReportReporter -->
<testsuite skipped="0" hostname="DESKTOP-0GMBHRP" name="com.sf.testCases.TC_LoginTest_001" tests="1" failures="0" timestamp="25 Feb 2022 05:42:53 GMT" time="55.759" errors="0">
  <testcase name="loginTest" time="55.759" classname="com.sf.testCases.TC_LoginTest_001"/>
</testsuite> <!-- com.sf.testCases.TC_LoginTest_001 -->
